[2013-09-20 13:23:40] INFO  WEBrick 1.3.1
[2013-09-20 13:23:40] INFO  ruby 2.0.0 (2013-06-27) [x86_64-darwin12.4.0]
[2013-09-20 13:23:40] INFO  WEBrick::HTTPServer#start: pid=11853 port=9292
[2013-09-20 13:24:00] INFO  going to shutdown ...
[2013-09-20 13:24:01] INFO  WEBrick::HTTPServer#start done.
[2013-09-20 13:26:01] INFO  WEBrick 1.3.1
[2013-09-20 13:26:01] INFO  ruby 2.0.0 (2013-06-27) [x86_64-darwin12.4.0]
[2013-09-20 13:26:01] INFO  WEBrick::HTTPServer#start: pid=11903 port=9292
[2013-09-20 13:26:16] INFO  going to shutdown ...
[2013-09-20 13:26:16] INFO  WEBrick::HTTPServer#start done.
[2013-09-20 13:29:26] INFO  WEBrick 1.3.1
[2013-09-20 13:29:26] INFO  ruby 2.0.0 (2013-06-27) [x86_64-darwin12.4.0]
[2013-09-20 13:29:26] INFO  WEBrick::HTTPServer#start: pid=11988 port=9292
[2013-09-20 13:29:38] INFO  going to shutdown ...
[2013-09-20 13:29:38] INFO  WEBrick::HTTPServer#start done.

[2013-09-20 13:30:48] INFO  WEBrick 1.3.1
[2013-09-20 13:30:48] INFO  ruby 2.0.0 (2013-06-27) [x86_64-darwin12.4.0]
[2013-09-20 13:30:48] INFO  WEBrick::HTTPServer#start: pid=12014 port=9292
[2013-09-20 13:31:21] INFO  going to shutdown ...
[2013-09-20 13:31:21] INFO  WEBrick::HTTPServer#start done.

done
[2013-09-20 13:31:23] INFO  WEBrick 1.3.1
[2013-09-20 13:31:23] INFO  ruby 2.0.0 (2013-06-27) [x86_64-darwin12.4.0]
[2013-09-20 13:31:23] INFO  WEBrick::HTTPServer#start: pid=12039 port=9292
[2013-09-20 13:31:34] INFO  going to shutdown ...
[2013-09-20 13:31:34] INFO  WEBrick::HTTPServer#start done.
